#
# A fatal error has been detected by the Java Runtime Environment:
#
#  SIGILL (0x4) at pc=0x000000012741224e, pid=2006, tid=0x0000000000001703
#
# JRE version: Java(TM) SE Runtime Environment (8.0_191-b12) (build 1.8.0_191-b12)
# Java VM: Java HotSpot(TM) 64-Bit Server VM (25.191-b12 mixed mode bsd-amd64 compressed oops)
# Problematic frame:
# C  [libtesseract.dylib+0x15724e]  ERRCODE::error(char const*, TessErrorLogCode, char const*, ...) const+0x178
#
# Failed to write core dump. Core dumps have been disabled. To enable core dumping, try "ulimit -c unlimited" before starting Java again
#
# If you would like to submit a bug report, please visit:
#   http://bugreport.java.com/bugreport/crash.jsp
# The crash happened outside the Java Virtual Machine in native code.
# See problematic frame for where to report the bug.
#

---------------  T H R E A D  ---------------

Current thread (0x00007fadb3001000):  JavaThread "main" [_thread_in_native, id=5891, stack(0x000070000917b000,0x000070000927b000)]

siginfo: si_signo: 4 (SIGILL), si_code: 1 (ILL_ILLOPC), si_addr: 0x000000012741224e

Registers:
RAX=0x0000000000000003, RBX=0x0000700009279478, RCX=0x000070000927b0ac, RDX=0x0000000000000000
RSP=0x00007000092793a0, RBP=0x00007000092798a0, RSI=0x00000000000120a8, RDI=0x00007fffa8524028
R8 =0x00000000000130a8, R9 =0x0000000000000000, R10=0x00007fffa8524048, R11=0x00007fffa8524040
R12=0x000000012749a4d0, R13=0x0000700009279465, R14=0x0000000000000001, R15=0x000000012746efb8
RIP=0x000000012741224e, EFLAGS=0x0000000000010246, ERR=0x0000000000000000
  TRAPNO=0x0000000000000006

Top of Stack: (sp=0x00007000092793a0)
0x00007000092793a0:   0000000106bf7368 00000001277032d5
0x00007000092793b0:   0000000127701a60 0000000127703428
0x00007000092793c0:   000000012746efcc 00000000000000d1
0x00007000092793d0:   000000030000187e 0000000000000b68
0x00007000092793e0:   01010007c0002368 0000000127496008
0x00007000092793f0:   0000000000000000 00007fadb30011f8
0x0000700009279400:   0000000000001870 0000700009279a00
0x0000700009279410:   0000700009279430 0000000106b6fbc6
0x0000700009279420:   00007fadb2eb7b30 000070000927a3c8
0x0000700009279430:   0000700009279890 00007fff759bfc1a
0x0000700009279440:   000000000020037f 0000000007c156ea
0x0000700009279450:   28706d6372747321 202c656c61636f6c
0x0000700009279460:   7272453a29224322 72657373413a726f
0x0000700009279470:   64656c6961662074 656c6966206e693a
0x0000700009279480:   6970616573616220 696c202c7070632e
0x0000700009279490:   000a39303220656e 0000000000003ffd
0x00007000092794a0:   fdfdfe0000000000 0000000000003ffe
0x00007000092794b0:   d555555555555800 0000000000003ffd
0x00007000092794c0:   8000000000000000 0000000000003fff
0x00007000092794d0:   0000000000000000 0000000000000000
0x00007000092794e0:   ffffffffffffff00 ffffffffffffffff
0x00007000092794f0:   0000000000000000 0000000000000000
0x0000700009279500:   0000000000000000 0000000000000000
0x0000700009279510:   0000000000000000 0000000000000000
0x0000700009279520:   b61f120f00b7590e 00b61500b42a1100
0x0000700009279530:   00b62b1100b61d12 0d00bb4d1300b612
0x0000700009279540:   bb4cbf1400b72c59 1f120f00b7590e00
0x0000700009279550:   b61500b42a1100b6 2b1100b620121200
0x0000700009279560:   bb4d1300b61200b6 bf1400b72c590d00
0x0000700009279570:   292a2b2c2d2e2f30 0000000000000000
0x0000700009279580:   00000000000007f8 0000000000000000
0x0000700009279590:   0000699600007986 0000000000000000 

Instructions: (pc=0x000000012741224e)
0x000000012741222e:   48 8b 00 48 3b 45 d0 75 12 48 81 c4 d8 04 00 00
0x000000012741223e:   5b 41 5c 41 5d 41 5e 41 5f 5d c3 e8 22 e2 00 00
0x000000012741224e:   0f 0b 55 48 89 e5 b0 01 84 07 74 06 48 8b 7f 10
0x000000012741225e:   eb 03 48 ff c7 84 06 74 06 48 8b 76 10 eb 03 48 

Register to memory mapping:

RAX=0x0000000000000003 is an unknown value
RBX=0x0000700009279478 is pointing into the stack for thread: 0x00007fadb3001000
RCX=0x000070000927b0ac is an unknown value
RDX=0x0000000000000000 is an unknown value
RSP=0x00007000092793a0 is pointing into the stack for thread: 0x00007fadb3001000
RBP=0x00007000092798a0 is pointing into the stack for thread: 0x00007fadb3001000
RSI=0x00000000000120a8 is an unknown value
RDI=0x00007fffa8524028: __sFX+0x1a8 in /usr/lib/system/libsystem_c.dylib at 0x00007fff75a20000
R8 =0x00000000000130a8 is an unknown value
R9 =0x0000000000000000 is an unknown value
R10=0x00007fffa8524048: __sFX+0x1c8 in /usr/lib/system/libsystem_c.dylib at 0x00007fff75a20000
R11=0x00007fffa8524040: __sFX+0x1c0 in /usr/lib/system/libsystem_c.dylib at 0x00007fff75a20000
R12=0x000000012749a4d0: _ZL13ASSERT_FAILED+0 in /var/folders/f0/gv03hdl94m94ds113wt06nnw0000gn/T/tess4j/darwin/libtesseract.dylib at 0x00000001272bb000
R13=0x0000700009279465 is pointing into the stack for thread: 0x00007fadb3001000
R14=0x0000000000000001 is an unknown value
R15=0x000000012746efb8: _ZN9tesseract26ksizeofUniversalAmbigsFileE+0xd4 in /var/folders/f0/gv03hdl94m94ds113wt06nnw0000gn/T/tess4j/darwin/libtesseract.dylib at 0x00000001272bb000


Stack: [0x000070000917b000,0x000070000927b000],  sp=0x00007000092793a0,  free space=1016k
Native frames: (J=compiled Java code, j=interpreted, Vv=VM code, C=native code)
C  [libtesseract.dylib+0x15724e]  ERRCODE::error(char const*, TessErrorLogCode, char const*, ...) const+0x178
C  [libtesseract.dylib+0x1f71]  tesseract::TessBaseAPI::TessBaseAPI()+0x97
C  [libtesseract.dylib+0xb757]  TessBaseAPICreate+0x1c
C  [jna1815820029854599772.tmp+0xd94c]  ffi_call_unix64+0x4c
C  0x000070000927a310

Java frames: (J=compiled Java code, j=interpreted, Vv=VM code)
j  com.sun.jna.Native.invokePointer(JI[Ljava/lang/Object;)J+0
j  com.sun.jna.Function.invokePointer(I[Ljava/lang/Object;)Lcom/sun/jna/Pointer;+6
j  com.sun.jna.Function.invoke([Ljava/lang/Object;Ljava/lang/Class;Z)Ljava/lang/Object;+426
j  com.sun.jna.Function.invoke(Ljava/lang/Class;[Ljava/lang/Object;Ljava/util/Map;)Ljava/lang/Object;+262
j  com.sun.jna.Library$Handler.invoke(Ljava/lang/Object;Ljava/lang/reflect/Method;[Ljava/lang/Object;)Ljava/lang/Object;+316
j  com.sun.proxy.$Proxy0.TessBaseAPICreate()Lnet/sourceforge/tess4j/ITessAPI$TessBaseAPI;+9
j  net.sourceforge.tess4j.Tesseract.init()V+12
j  net.sourceforge.tess4j.Tesseract.doOCR(Ljava/util/List;Ljava/lang/String;Ljava/awt/Rectangle;)Ljava/lang/String;+1
j  net.sourceforge.tess4j.Tesseract.doOCR(Ljava/io/File;Ljava/awt/Rectangle;)Ljava/lang/String;+10
j  net.sourceforge.tess4j.Tesseract.doOCR(Ljava/io/File;)Ljava/lang/String;+3
j  com.cvt.tesseract.App.getTesseractAsString()V+60
j  com.cvt.tesseract.App.main([Ljava/lang/String;)V+15
v  ~StubRoutines::call_stub

---------------  P R O C E S S  ---------------

Java Threads: ( => current thread )
  0x00007fadb4acb000 JavaThread "Java2D Queue Flusher" daemon [_thread_blocked, id=77575, stack(0x000070000a4ba000,0x000070000a5ba000)]
  0x00007fadb333e800 JavaThread "Java2D Disposer" daemon [_thread_blocked, id=51499, stack(0x000070000a3b7000,0x000070000a4b7000)]
  0x00007fadb3281800 JavaThread "AWT-Shutdown" [_thread_blocked, id=40487, stack(0x000070000a0a8000,0x000070000a1a8000)]
  0x00007fadb4255800 JavaThread "AWT-AppKit" daemon [_thread_in_native, id=775, stack(0x00007ffee9b4d000,0x00007ffeea34d000)]
  0x00007fadb3067800 JavaThread "Service Thread" daemon [_thread_blocked, id=17667, stack(0x0000700009ea2000,0x0000700009fa2000)]
  0x00007fadb48f4000 JavaThread "C1 CompilerThread2" daemon [_thread_blocked, id=17923, stack(0x0000700009d9f000,0x0000700009e9f000)]
  0x00007fadb4898800 JavaThread "C2 CompilerThread1" daemon [_thread_in_native, id=14339, stack(0x0000700009c9c000,0x0000700009d9c000)]
  0x00007fadb4897800 JavaThread "C2 CompilerThread0" daemon [_thread_blocked, id=18435, stack(0x0000700009b99000,0x0000700009c99000)]
  0x00007fadb38e7000 JavaThread "Monitor Ctrl-Break" daemon [_thread_in_native, id=18691, stack(0x0000700009a96000,0x0000700009b96000)]
  0x00007fadb4029000 JavaThread "Signal Dispatcher" daemon [_thread_blocked, id=13315, stack(0x0000700009993000,0x0000700009a93000)]
  0x00007fadb300f000 JavaThread "Finalizer" daemon [_thread_blocked, id=12547, stack(0x0000700009890000,0x0000700009990000)]
  0x00007fadb3834000 JavaThread "Reference Handler" daemon [_thread_blocked, id=12291, stack(0x000070000978d000,0x000070000988d000)]
=>0x00007fadb3001000 JavaThread "main" [_thread_in_native, id=5891, stack(0x000070000917b000,0x000070000927b000)]

Other Threads:
  0x00007fadb382d800 VMThread [stack: 0x000070000968a000,0x000070000978a000] [id=12035]
  0x00007fadb38e7800 WatcherThread [stack: 0x0000700009fa5000,0x000070000a0a5000] [id=14851]

VM state:not at safepoint (normal execution)

VM Mutex/Monitor currently owned by a thread: None

Heap:
 PSYoungGen      total 76288K, used 26601K [0x000000076ab00000, 0x0000000770000000, 0x00000007c0000000)
  eden space 65536K, 24% used [0x000000076ab00000,0x000000076ba7bf48,0x000000076eb00000)
  from space 10752K, 99% used [0x000000076eb00000,0x000000076f57e5a8,0x000000076f580000)
  to   space 10752K, 0% used [0x000000076f580000,0x000000076f580000,0x0000000770000000)
 ParOldGen       total 175104K, used 2204K [0x00000006c0000000, 0x00000006cab00000, 0x000000076ab00000)
  object space 175104K, 1% used [0x00000006c0000000,0x00000006c0227098,0x00000006cab00000)
 Metaspace       used 13218K, capacity 13368K, committed 13696K, reserved 1060864K
  class space    used 1540K, capacity 1598K, committed 1664K, reserved 1048576K

Card table byte_map: [0x0000000116c00000,0x0000000117401000] byte_map_base: 0x0000000113600000

Marking Bits: (ParMarkBitMap*) 0x0000000107545e00
 Begin Bits: [0x0000000117401000, 0x000000011b401000)
 End Bits:   [0x000000011b401000, 0x000000011f401000)

Polling page: 0x0000000105922000

CodeCache: size=245760Kb used=3991Kb max_used=3991Kb free=241768Kb
 bounds [0x0000000107c00000, 0x0000000107ff0000, 0x0000000116c00000]
 total_blobs=1510 nmethods=1008 adapters=416
 compilation: enabled

Compilation events (10 events):
Event: 5.433 Thread 0x00007fadb48f4000 1005       3       java.lang.Class::forName (15 bytes)
Event: 5.433 Thread 0x00007fadb48f4000 nmethod 1005 0x0000000107fdeb10 code [0x0000000107fdeca0, 0x0000000107fdef78]
Event: 5.433 Thread 0x00007fadb48f4000 1006       3       java.lang.ClassLoader::getClassLoader (11 bytes)
Event: 5.433 Thread 0x00007fadb48f4000 nmethod 1006 0x0000000107fe65d0 code [0x0000000107fe6740, 0x0000000107fe6970]
Event: 5.433 Thread 0x00007fadb48f4000 1007       3       java.lang.reflect.Method::<init> (68 bytes)
Event: 5.434 Thread 0x00007fadb48f4000 nmethod 1007 0x0000000107fe6a10 code [0x0000000107fe6b80, 0x0000000107fe6ef0]
Event: 5.434 Thread 0x00007fadb48f4000 1008       3       java.lang.Class::reflectionData (49 bytes)
Event: 5.434 Thread 0x00007fadb48f4000 nmethod 1008 0x0000000107fe7090 code [0x0000000107fe7220, 0x0000000107fe7728]
Event: 5.434 Thread 0x00007fadb48f4000 1009       3       java.lang.Class::checkInitted (19 bytes)
Event: 5.434 Thread 0x00007fadb48f4000 nmethod 1009 0x0000000107fe7890 code [0x0000000107fe7a20, 0x0000000107fe7ce8]

GC Heap History (2 events):
Event: 5.243 GC heap before
{Heap before GC invocations=1 (full 0):
 PSYoungGen      total 76288K, used 65536K [0x000000076ab00000, 0x0000000770000000, 0x00000007c0000000)
  eden space 65536K, 100% used [0x000000076ab00000,0x000000076eb00000,0x000000076eb00000)
  from space 10752K, 0% used [0x000000076f580000,0x000000076f580000,0x0000000770000000)
  to   space 10752K, 0% used [0x000000076eb00000,0x000000076eb00000,0x000000076f580000)
 ParOldGen       total 175104K, used 0K [0x00000006c0000000, 0x00000006cab00000, 0x000000076ab00000)
  object space 175104K, 0% used [0x00000006c0000000,0x00000006c0000000,0x00000006cab00000)
 Metaspace       used 12512K, capacity 12632K, committed 12800K, reserved 1060864K
  class space    used 1432K, capacity 1502K, committed 1536K, reserved 1048576K
Event: 5.253 GC heap after
Heap after GC invocations=1 (full 0):
 PSYoungGen      total 76288K, used 10745K [0x000000076ab00000, 0x0000000770000000, 0x00000007c0000000)
  eden space 65536K, 0% used [0x000000076ab00000,0x000000076ab00000,0x000000076eb00000)
  from space 10752K, 99% used [0x000000076eb00000,0x000000076f57e5a8,0x000000076f580000)
  to   space 10752K, 0% used [0x000000076f580000,0x000000076f580000,0x0000000770000000)
 ParOldGen       total 175104K, used 2204K [0x00000006c0000000, 0x00000006cab00000, 0x000000076ab00000)
  object space 175104K, 1% used [0x00000006c0000000,0x00000006c0227098,0x00000006cab00000)
 Metaspace       used 12512K, capacity 12632K, committed 12800K, reserved 1060864K
  class space    used 1432K, capacity 1502K, committed 1536K, reserved 1048576K
}

Deoptimization events (5 events):
Event: 4.119 Thread 0x00007fadb3001000 Uncommon trap: reason=unstable_if action=reinterpret pc=0x0000000107ded504 method=sun.misc.MetaIndex.mayContain(Ljava/lang/String;)Z @ 38
Event: 4.605 Thread 0x00007fadb3001000 Uncommon trap: reason=unstable_if action=reinterpret pc=0x0000000107ee9834 method=org.apache.pdfbox.jbig2.decoder.arithmetic.ArithmeticDecoder.decode(Lorg/apache/pdfbox/jbig2/decoder/arithmetic/CX;)I @ 37
Event: 4.630 Thread 0x00007fadb3001000 Uncommon trap: reason=unstable_if action=reinterpret pc=0x0000000107ef93d0 method=org.apache.pdfbox.jbig2.io.SubInputStream.read()I @ 23
Event: 5.405 Thread 0x00007fadb3001000 Uncommon trap: reason=unstable_if action=reinterpret pc=0x0000000107ebec58 method=java.util.HashMap.getNode(ILjava/lang/Object;)Ljava/util/HashMap$Node; @ 62
Event: 5.405 Thread 0x00007fadb3001000 Uncommon trap: reason=unstable_if action=reinterpret pc=0x0000000107eaae3c method=java.util.HashMap.getNode(ILjava/lang/Object;)Ljava/util/HashMap$Node; @ 62

Classes redefined (0 events):
No events

Internal exceptions (10 events):
Event: 0.268 Thread 0x00007fadb3001000 Exception <a 'java/security/PrivilegedActionException'> (0x000000076acb8470) thrown at [/Users/java_re/workspace/8-2-build-macosx-x86_64/jdk8u191/11896/hotspot/src/share/vm/prims/jvm.cpp, line 1435]
Event: 0.383 Thread 0x00007fadb3001000 Exception <a 'java/io/FileNotFoundException'> (0x000000076b2200e0) thrown at [/Users/java_re/workspace/8-2-build-macosx-x86_64/jdk8u191/11896/hotspot/src/share/vm/prims/jni.cpp, line 709]
Event: 0.666 Thread 0x00007fadb3001000 Exception <a 'java/lang/UnsatisfiedLinkError': dlopen(libgs.dylib, 9): image not found> (0x000000076b7a8000) thrown at [/Users/java_re/workspace/8-2-build-macosx-x86_64/jdk8u191/11896/hotspot/src/share/vm/prims/jni.cpp, line 735]
Event: 0.667 Thread 0x00007fadb3001000 Exception <a 'java/lang/UnsatisfiedLinkError': dlopen(libgs.dylib, 9): image not found> (0x000000076b7a8f20) thrown at [/Users/java_re/workspace/8-2-build-macosx-x86_64/jdk8u191/11896/hotspot/src/share/vm/prims/jni.cpp, line 735]
Event: 0.668 Thread 0x00007fadb3001000 Exception <a 'java/lang/UnsatisfiedLinkError'> (0x000000076b7c76c8) thrown at [/Users/java_re/workspace/8-2-build-macosx-x86_64/jdk8u191/11896/hotspot/src/share/vm/oops/instanceKlass.cpp, line 959]
Event: 0.676 Thread 0x00007fadb3001000 Exception <a 'java/lang/NoSuchMethodError': org.slf4j.impl.StaticMDCBinder.getSingleton()Lorg/slf4j/impl/StaticMDCBinder;> (0x000000076b8039e8) thrown at [/Users/java_re/workspace/8-2-build-macosx-x86_64/jdk8u191/11896/hotspot/src/share/vm/interpreter/lin
Event: 0.782 Thread 0x00007fadb3001000 Exception <a 'java/lang/NoSuchFieldError': method resolution failed> (0x000000076bbc98f0) thrown at [/Users/java_re/workspace/8-2-build-macosx-x86_64/jdk8u191/11896/hotspot/src/share/vm/prims/methodHandles.cpp, line 1167]
Event: 0.785 Thread 0x00007fadb3001000 Exception <a 'java/lang/NoSuchFieldError': method resolution failed> (0x000000076bbd7880) thrown at [/Users/java_re/workspace/8-2-build-macosx-x86_64/jdk8u191/11896/hotspot/src/share/vm/prims/methodHandles.cpp, line 1167]
Event: 4.120 Thread 0x00007fadb3001000 Exception <a 'java/io/FileNotFoundException'> (0x000000076bc97890) thrown at [/Users/java_re/workspace/8-2-build-macosx-x86_64/jdk8u191/11896/hotspot/src/share/vm/prims/jni.cpp, line 709]
Event: 4.120 Thread 0x00007fadb3001000 Exception <a 'java/io/FileNotFoundException'> (0x000000076bc983c8) thrown at [/Users/java_re/workspace/8-2-build-macosx-x86_64/jdk8u191/11896/hotspot/src/share/vm/prims/jni.cpp, line 709]

Events (10 events):
Event: 5.437 loading class com/sun/jna/FunctionParameterContext
Event: 5.437 loading class com/sun/jna/FunctionParameterContext done
Event: 5.437 loading class java/lang/reflect/TypeVariable
Event: 5.437 loading class java/lang/reflect/TypeVariable done
Event: 5.437 loading class java/lang/reflect/AnnotatedType
Event: 5.437 loading class java/lang/reflect/AnnotatedType done
Event: 5.438 loading class com/sun/jna/NativeMappedConverter
Event: 5.438 loading class com/sun/jna/NativeMappedConverter done
Event: 5.438 loading class com/sun/jna/TypeConverter
Event: 5.438 loading class com/sun/jna/TypeConverter done


Dynamic libraries:
0x00007fff47e82000 	/System/Library/Frameworks/Cocoa.framework/Versions/A/Cocoa
0x00007fff5416f000 	/System/Library/Frameworks/Security.framework/Versions/A/Security
0x00007fff46a89000 	/System/Library/Frameworks/ApplicationServices.framework/Versions/A/ApplicationServices
0x00007fff757d2000 	/usr/lib/libz.1.dylib
0x00007fff72dcf000 	/usr/lib/libSystem.B.dylib
0x00007fff748f7000 	/usr/lib/libobjc.A.dylib
0x00007fff486b2000 	/System/Library/Frameworks/CoreFoundation.framework/Versions/A/CoreFoundation
0x00007fff4aa55000 	/System/Library/Frameworks/Foundation.framework/Versions/C/Foundation
0x00007fff45c16000 	/System/Library/Frameworks/AppKit.framework/Versions/C/AppKit
0x00007fff48219000 	/System/Library/Frameworks/CoreData.framework/Versions/A/CoreData
0x00007fff6bf9d000 	/System/Library/PrivateFrameworks/RemoteViewServices.framework/Versions/A/RemoteViewServices
0x00007fff70a9d000 	/System/Library/PrivateFrameworks/UIFoundation.framework/Versions/A/UIFoundation
0x00007fff72255000 	/System/Library/PrivateFrameworks/XCTTargetBootstrap.framework/Versions/A/XCTTargetBootstrap
0x00007fff66aa4000 	/System/Library/PrivateFrameworks/IconServices.framework/Versions/A/IconServices
0x00007fff4d322000 	/System/Library/Frameworks/Metal.framework/Versions/A/Metal
0x00007fff5dca6000 	/System/Library/PrivateFrameworks/DesktopServicesPriv.framework/Versions/A/DesktopServicesPriv
0x00007fff73c0a000 	/usr/lib/libenergytrace.dylib
0x00007fff6e80e000 	/System/Library/PrivateFrameworks/SkyLight.framework/Versions/A/SkyLight
0x00007fff48b02000 	/System/Library/Frameworks/CoreGraphics.framework/Versions/A/CoreGraphics
0x00007fff447e8000 	/System/Library/Frameworks/Accelerate.framework/Versions/A/Accelerate
0x00007fff4b1df000 	/System/Library/Frameworks/IOSurface.framework/Versions/A/IOSurface
0x00007fff5db08000 	/System/Library/PrivateFrameworks/DFRFoundation.framework/Versions/A/DFRFoundation
0x00007fff46f8e000 	/System/Library/Frameworks/AudioToolbox.framework/Versions/A/AudioToolbox
0x00007fff4722d000 	/System/Library/Frameworks/AudioUnit.framework/Versions/A/AudioUnit
0x00007fff5db9f000 	/System/Library/PrivateFrameworks/DataDetectorsCore.framework/Versions/A/DataDetectorsCore
0x00007fff4796c000 	/System/Library/Frameworks/Carbon.framework/Versions/A/Frameworks/HIToolbox.framework/Versions/A/HIToolbox
0x00007fff73d65000 	/usr/lib/libicucore.A.dylib
0x00007fff536c2000 	/System/Library/Frameworks/QuartzCore.framework/Versions/A/QuartzCore
0x00007fff47d53000 	/System/Library/Frameworks/Carbon.framework/Versions/A/Frameworks/SpeechRecognition.framework/Versions/A/SpeechRecognition
0x00007fff72fb2000 	/usr/lib/libauto.dylib
0x00007fff756c5000 	/usr/lib/libxml2.2.dylib
0x00007fff5d707000 	/System/Library/PrivateFrameworks/CoreUI.framework/Versions/A/CoreUI
0x00007fff480f7000 	/System/Library/Frameworks/CoreAudio.framework/Versions/A/CoreAudio
0x00007fff4a887000 	/System/Library/Frameworks/DiskArbitration.framework/Versions/A/DiskArbitration
0x00007fff74015000 	/usr/lib/liblangid.dylib
0x00007fff67f54000 	/System/Library/PrivateFrameworks/MultitouchSupport.framework/Versions/A/MultitouchSupport
0x00007fff4b14a000 	/System/Library/Frameworks/IOKit.framework/Versions/A/IOKit
0x00007fff72a1d000 	/usr/lib/libDiagnosticMessagesClient.dylib
0x00007fff4998d000 	/System/Library/Frameworks/CoreServices.framework/Versions/A/CoreServices
0x00007fff69c8a000 	/System/Library/PrivateFrameworks/PerformanceAnalysis.framework/Versions/A/PerformanceAnalysis
0x00007fff52857000 	/System/Library/Frameworks/OpenGL.framework/Versions/A/OpenGL
0x00007fff47e90000 	/System/Library/Frameworks/ColorSync.framework/Versions/A/ColorSync
0x00007fff491ae000 	/System/Library/Frameworks/CoreImage.framework/Versions/A/CoreImage
0x00007fff4a3d0000 	/System/Library/Frameworks/CoreText.framework/Versions/A/CoreText
0x00007fff4b240000 	/System/Library/Frameworks/ImageIO.framework/Versions/A/ImageIO
0x00007fff59d42000 	/System/Library/PrivateFrameworks/Backup.framework/Versions/A/Backup
0x00007fff72e85000 	/usr/lib/libarchive.2.dylib
0x00007fff47591000 	/System/Library/Frameworks/CFNetwork.framework/Versions/A/CFNetwork
0x00007fff5491a000 	/System/Library/Frameworks/SystemConfiguration.framework/Versions/A/SystemConfiguration
0x00007fff72946000 	/usr/lib/libCRFSuite.dylib
0x00007fff730a9000 	/usr/lib/libc++.1.dylib
0x00007fff73101000 	/usr/lib/libc++abi.dylib
0x00007fff75855000 	/usr/lib/system/libcache.dylib
0x00007fff7585a000 	/usr/lib/system/libcommonCrypto.dylib
0x00007fff75865000 	/usr/lib/system/libcompiler_rt.dylib
0x00007fff7586d000 	/usr/lib/system/libcopyfile.dylib
0x00007fff75877000 	/usr/lib/system/libcorecrypto.dylib
0x00007fff75982000 	/usr/lib/system/libdispatch.dylib
0x00007fff759bd000 	/usr/lib/system/libdyld.dylib
0x00007fff759ed000 	/usr/lib/system/libkeymgr.dylib
0x00007fff759fb000 	/usr/lib/system/liblaunch.dylib
0x00007fff759fc000 	/usr/lib/system/libmacho.dylib
0x00007fff75a02000 	/usr/lib/system/libquarantine.dylib
0x00007fff75a05000 	/usr/lib/system/libremovefile.dylib
0x00007fff75a07000 	/usr/lib/system/libsystem_asl.dylib
0x00007fff75a1f000 	/usr/lib/system/libsystem_blocks.dylib
0x00007fff75a20000 	/usr/lib/system/libsystem_c.dylib
0x00007fff75aa9000 	/usr/lib/system/libsystem_configuration.dylib
0x00007fff75aad000 	/usr/lib/system/libsystem_coreservices.dylib
0x00007fff75ab1000 	/usr/lib/system/libsystem_darwin.dylib
0x00007fff75ab8000 	/usr/lib/system/libsystem_dnssd.dylib
0x00007fff75abf000 	/usr/lib/system/libsystem_info.dylib
0x00007fff75b35000 	/usr/lib/system/libsystem_m.dylib
0x00007fff75b81000 	/usr/lib/system/libsystem_malloc.dylib
0x00007fff75ba6000 	/usr/lib/system/libsystem_networkextension.dylib
0x00007fff75bb2000 	/usr/lib/system/libsystem_notify.dylib
0x00007fff75bcf000 	/usr/lib/system/libsystem_sandbox.dylib
0x00007fff75bd3000 	/usr/lib/system/libsystem_secinit.dylib
0x00007fff75b0c000 	/usr/lib/system/libsystem_kernel.dylib
0x00007fff75bba000 	/usr/lib/system/libsystem_platform.dylib
0x00007fff75bc4000 	/usr/lib/system/libsystem_pthread.dylib
0x00007fff75bd6000 	/usr/lib/system/libsystem_symptoms.dylib
0x00007fff75bde000 	/usr/lib/system/libsystem_trace.dylib
0x00007fff75bf5000 	/usr/lib/system/libunwind.dylib
0x00007fff75bfb000 	/usr/lib/system/libxpc.dylib
0x00007fff73089000 	/usr/lib/libbsm.0.dylib
0x00007fff759ee000 	/usr/lib/system/libkxld.dylib
0x00007fff58fef000 	/System/Library/PrivateFrameworks/AppleFSCompression.framework/Versions/A/AppleFSCompression
0x00007fff72c8e000 	/usr/lib/libOpenScriptingUtil.dylib
0x00007fff733ec000 	/usr/lib/libcoretls.dylib
0x00007fff73403000 	/usr/lib/libcoretls_cfhelpers.dylib
0x00007fff75093000 	/usr/lib/libpam.2.dylib
0x00007fff75256000 	/usr/lib/libsqlite3.dylib
0x00007fff756b3000 	/usr/lib/libxar.1.dylib
0x00007fff7309a000 	/usr/lib/libbz2.1.0.dylib
0x00007fff74017000 	/usr/lib/liblzma.5.dylib
0x00007fff7450d000 	/usr/lib/libnetwork.dylib
0x00007fff72e6e000 	/usr/lib/libapple_nghttp2.dylib
0x00007fff7509a000 	/usr/lib/libpcap.A.dylib
0x00007fff49d31000 	/System/Library/Frameworks/CoreServices.framework/Versions/A/Frameworks/FSEvents.framework/Versions/A/FSEvents
0x00007fff49a0d000 	/System/Library/Frameworks/CoreServices.framework/Versions/A/Frameworks/CarbonCore.framework/Versions/A/CarbonCore
0x00007fff49f06000 	/System/Library/Frameworks/CoreServices.framework/Versions/A/Frameworks/Metadata.framework/Versions/A/Metadata
0x00007fff49fa9000 	/System/Library/Frameworks/CoreServices.framework/Versions/A/Frameworks/OSServices.framework/Versions/A/OSServices
0x00007fff49ff5000 	/System/Library/Frameworks/CoreServices.framework/Versions/A/Frameworks/SearchKit.framework/Versions/A/SearchKit
0x00007fff4998e000 	/System/Library/Frameworks/CoreServices.framework/Versions/A/Frameworks/AE.framework/Versions/A/AE
0x00007fff49d3a000 	/System/Library/Frameworks/CoreServices.framework/Versions/A/Frameworks/LaunchServices.framework/Versions/A/LaunchServices
0x00007fff49ce6000 	/System/Library/Frameworks/CoreServices.framework/Versions/A/Frameworks/DictionaryServices.framework/Versions/A/DictionaryServices
0x00007fff4a064000 	/System/Library/Frameworks/CoreServices.framework/Versions/A/Frameworks/SharedFileList.framework/Versions/A/SharedFileList
0x00007fff4e7e8000 	/System/Library/Frameworks/NetFS.framework/Versions/A/NetFS
0x00007fff681f1000 	/System/Library/PrivateFrameworks/NetAuth.framework/Versions/A/NetAuth
0x00007fff72689000 	/System/Library/PrivateFrameworks/login.framework/Versions/A/Frameworks/loginsupport.framework/Versions/A/loginsupport
0x00007fff70695000 	/System/Library/PrivateFrameworks/TCC.framework/Versions/A/TCC
0x00007fff5cd0f000 	/System/Library/PrivateFrameworks/CoreNLP.framework/Versions/A/CoreNLP
0x00007fff67c45000 	/System/Library/PrivateFrameworks/MetadataUtilities.framework/Versions/A/MetadataUtilities
0x00007fff740f8000 	/usr/lib/libmecabra.dylib
0x00007fff46a8a000 	/System/Library/Frameworks/ApplicationServices.framework/Versions/A/Frameworks/ATS.framework/Versions/A/ATS
0x00007fff46df5000 	/System/Library/Frameworks/ApplicationServices.framework/Versions/A/Frameworks/ColorSyncLegacy.framework/Versions/A/ColorSyncLegacy
0x00007fff46e96000 	/System/Library/Frameworks/ApplicationServices.framework/Versions/A/Frameworks/HIServices.framework/Versions/A/HIServices
0x00007fff46ee9000 	/System/Library/Frameworks/ApplicationServices.framework/Versions/A/Frameworks/LangAnalysis.framework/Versions/A/LangAnalysis
0x00007fff46ef8000 	/System/Library/Frameworks/ApplicationServices.framework/Versions/A/Frameworks/PrintCore.framework/Versions/A/PrintCore
0x00007fff46f45000 	/System/Library/Frameworks/ApplicationServices.framework/Versions/A/Frameworks/QD.framework/Versions/A/QD
0x00007fff46f81000 	/System/Library/Frameworks/ApplicationServices.framework/Versions/A/Frameworks/SpeechSynthesis.framework/Versions/A/SpeechSynthesis
0x00007fff73129000 	/usr/lib/libcompression.dylib
0x00007fff485c8000 	/System/Library/Frameworks/CoreDisplay.framework/Versions/A/CoreDisplay
0x00007fff4d5ea000 	/System/Library/Frameworks/MetalPerformanceShaders.framework/Versions/A/MetalPerformanceShaders
0x00007fff44800000 	/System/Library/Frameworks/Accelerate.framework/Versions/A/Frameworks/vImage.framework/Versions/A/vImage
0x00007fff45a65000 	/System/Library/Frameworks/Accelerate.framework/Versions/A/Frameworks/vecLib.framework/Versions/A/vecLib
0x00007fff458ed000 	/System/Library/Frameworks/Accelerate.framework/Versions/A/Frameworks/vecLib.framework/Versions/A/libvMisc.dylib
0x00007fff4574e000 	/System/Library/Frameworks/Accelerate.framework/Versions/A/Frameworks/vecLib.framework/Versions/A/libvDSP.dylib
0x00007fff450f5000 	/System/Library/Frameworks/Accelerate.framework/Versions/A/Frameworks/vecLib.framework/Versions/A/libBLAS.dylib
0x00007fff452e7000 	/System/Library/Frameworks/Accelerate.framework/Versions/A/Frameworks/vecLib.framework/Versions/A/libLAPACK.dylib
0x00007fff456a1000 	/System/Library/Frameworks/Accelerate.framework/Versions/A/Frameworks/vecLib.framework/Versions/A/libLinearAlgebra.dylib
0x00007fff4573b000 	/System/Library/Frameworks/Accelerate.framework/Versions/A/Frameworks/vecLib.framework/Versions/A/libSparseBLAS.dylib
0x00007fff456b7000 	/System/Library/Frameworks/Accelerate.framework/Versions/A/Frameworks/vecLib.framework/Versions/A/libQuadrature.dylib
0x00007fff452a1000 	/System/Library/Frameworks/Accelerate.framework/Versions/A/Frameworks/vecLib.framework/Versions/A/libBNNS.dylib
0x00007fff456bd000 	/System/Library/Frameworks/Accelerate.framework/Versions/A/Frameworks/vecLib.framework/Versions/A/libSparse.dylib
0x00007fff64236000 	/System/Library/PrivateFrameworks/GPUWrangler.framework/Versions/A/GPUWrangler
0x00007fff6666b000 	/System/Library/PrivateFrameworks/IOAccelerator.framework/Versions/A/IOAccelerator
0x00007fff66676000 	/System/Library/PrivateFrameworks/IOPresentment.framework/Versions/A/IOPresentment
0x00007fff5db18000 	/System/Library/PrivateFrameworks/DSExternalDisplay.framework/Versions/A/DSExternalDisplay
0x00007fff51c9c000 	/System/Library/Frameworks/OpenGL.framework/Versions/A/Libraries/libCoreFSCache.dylib
0x00007fff4d3d2000 	/System/Library/Frameworks/MetalPerformanceShaders.framework/Frameworks/MPSCore.framework/Versions/A/MPSCore
0x00007fff4d3f3000 	/System/Library/Frameworks/MetalPerformanceShaders.framework/Frameworks/MPSImage.framework/Versions/A/MPSImage
0x00007fff4d49b000 	/System/Library/Frameworks/MetalPerformanceShaders.framework/Frameworks/MPSNeuralNetwork.framework/Versions/A/MPSNeuralNetwork
0x00007fff4d472000 	/System/Library/Frameworks/MetalPerformanceShaders.framework/Frameworks/MPSMatrix.framework/Versions/A/MPSMatrix
0x00007fff4d5ce000 	/System/Library/Frameworks/MetalPerformanceShaders.framework/Frameworks/MPSRayIntersector.framework/Versions/A/MPSRayIntersector
0x00007fff67c6e000 	/System/Library/PrivateFrameworks/MetalTools.framework/Versions/A/MetalTools
0x00007fff586e9000 	/System/Library/PrivateFrameworks/AggregateDictionary.framework/Versions/A/AggregateDictionary
0x00007fff72c6e000 	/usr/lib/libMobileGestalt.dylib
0x00007fff4a536000 	/System/Library/Frameworks/CoreVideo.framework/Versions/A/CoreVideo
0x00007fff650a6000 	/System/Library/PrivateFrameworks/GraphVisualizer.framework/Versions/A/GraphVisualizer
0x00007fff5ee41000 	/System/Library/PrivateFrameworks/FaceCore.framework/Versions/A/FaceCore
0x00007fff512b4000 	/System/Library/Frameworks/OpenCL.framework/Versions/A/OpenCL
0x00007fff72a55000 	/usr/lib/libFosl_dynamic.dylib
0x00007fff68ac9000 	/System/Library/PrivateFrameworks/OTSVG.framework/Versions/A/OTSVG
0x00007fff46b8e000 	/System/Library/Frameworks/ApplicationServices.framework/Versions/A/Frameworks/ATS.framework/Versions/A/Resources/libFontParser.dylib
0x00007fff46cae000 	/System/Library/Frameworks/ApplicationServices.framework/Versions/A/Frameworks/ATS.framework/Versions/A/Resources/libFontRegistry.dylib
0x00007fff4b4cd000 	/System/Library/Frameworks/ImageIO.framework/Versions/A/Resources/libJPEG.dylib
0x00007fff4b7f0000 	/System/Library/Frameworks/ImageIO.framework/Versions/A/Resources/libTIFF.dylib
0x00007fff4b7c6000 	/System/Library/Frameworks/ImageIO.framework/Versions/A/Resources/libPng.dylib
0x00007fff4b3e2000 	/System/Library/Frameworks/ImageIO.framework/Versions/A/Resources/libGIF.dylib
0x00007fff4b3e7000 	/System/Library/Frameworks/ImageIO.framework/Versions/A/Resources/libJP2.dylib
0x00007fff4b7ed000 	/System/Library/Frameworks/ImageIO.framework/Versions/A/Resources/libRadiance.dylib
0x00007fff59148000 	/System/Library/PrivateFrameworks/AppleJPEG.framework/Versions/A/AppleJPEG
0x00007fff51ca7000 	/System/Library/Frameworks/OpenGL.framework/Versions/A/Libraries/libGFXShared.dylib
0x00007fff51e6a000 	/System/Library/Frameworks/OpenGL.framework/Versions/A/Libraries/libGLU.dylib
0x00007fff51cb0000 	/System/Library/Frameworks/OpenGL.framework/Versions/A/Libraries/libGL.dylib
0x00007fff51cbc000 	/System/Library/Frameworks/OpenGL.framework/Versions/A/Libraries/libGLImage.dylib
0x00007fff51c99000 	/System/Library/Frameworks/OpenGL.framework/Versions/A/Libraries/libCVMSPluginSupport.dylib
0x00007fff51ca2000 	/System/Library/Frameworks/OpenGL.framework/Versions/A/Libraries/libCoreVMClient.dylib
0x00007fff73a7b000 	/usr/lib/libcups.2.dylib
0x00007fff4c8e7000 	/System/Library/Frameworks/Kerberos.framework/Versions/A/Kerberos
0x00007fff4ae94000 	/System/Library/Frameworks/GSS.framework/Versions/A/GSS
0x00007fff751ea000 	/usr/lib/libresolv.9.dylib
0x00007fff73c73000 	/usr/lib/libiconv.2.dylib
0x00007fff65206000 	/System/Library/PrivateFrameworks/Heimdal.framework/Versions/A/Heimdal
0x00007fff73c42000 	/usr/lib/libheimdal-asn1.dylib
0x00007fff5132a000 	/System/Library/Frameworks/OpenDirectory.framework/Versions/A/OpenDirectory
0x00007fff5ba0b000 	/System/Library/PrivateFrameworks/CommonAuth.framework/Versions/A/CommonAuth
0x00007fff5130d000 	/System/Library/Frameworks/OpenDirectory.framework/Versions/A/Frameworks/CFOpenDirectory.framework/Versions/A/CFOpenDirectory
0x00007fff54498000 	/System/Library/Frameworks/SecurityFoundation.framework/Versions/A/SecurityFoundation
0x00007fff57bf8000 	/System/Library/PrivateFrameworks/APFS.framework/Versions/A/APFS
0x00007fff756af000 	/usr/lib/libutil.dylib
0x00007fff73117000 	/usr/lib/libcharset.1.dylib
0x00007fff593e4000 	/System/Library/PrivateFrameworks/AppleSauce.framework/Versions/A/AppleSauce
0x00007fff59572000 	/System/Library/PrivateFrameworks/AssertionServices.framework/Versions/A/AssertionServices
0x00007fff59de5000 	/System/Library/PrivateFrameworks/BaseBoard.framework/Versions/A/BaseBoard
0x00007fff74047000 	/usr/lib/libmecab.1.0.0.dylib
0x00007fff73c3c000 	/usr/lib/libgermantok.dylib
0x00007fff72e5a000 	/usr/lib/libThaiTokenizer.dylib
0x00007fff72981000 	/usr/lib/libChineseTokenizer.dylib
0x00007fff66da2000 	/System/Library/PrivateFrameworks/LanguageModeling.framework/Versions/A/LanguageModeling
0x00007fff5c725000 	/System/Library/PrivateFrameworks/CoreEmoji.framework/Versions/A/CoreEmoji
0x00007fff66e9a000 	/System/Library/PrivateFrameworks/Lexicon.framework/Versions/A/Lexicon
0x00007fff66ee2000 	/System/Library/PrivateFrameworks/LinguisticData.framework/Versions/A/LinguisticData
0x00007fff73118000 	/usr/lib/libcmph.dylib
0x00007fff54559000 	/System/Library/Frameworks/ServiceManagement.framework/Versions/A/ServiceManagement
0x00007fff59d38000 	/System/Library/PrivateFrameworks/BackgroundTaskManagement.framework/Versions/A/BackgroundTaskManagement
0x00007fff757a9000 	/usr/lib/libxslt.1.dylib
0x00007fff47c7e000 	/System/Library/Frameworks/Carbon.framework/Versions/A/Frameworks/Ink.framework/Versions/A/Ink
0x00007fff70915000 	/System/Library/PrivateFrameworks/TextureIO.framework/Versions/A/TextureIO
0x00007fff72eaf000 	/usr/lib/libate.dylib
0x00007fff5da74000 	/System/Library/PrivateFrameworks/CrashReporterSupport.framework/Versions/A/CrashReporterSupport
0x00007fff6d936000 	/System/Library/PrivateFrameworks/Sharing.framework/Versions/A/Sharing
0x00007fff598c4000 	/System/Library/PrivateFrameworks/AuthKit.framework/Versions/A/AuthKit
0x00007fff58ce7000 	/System/Library/PrivateFrameworks/Apple80211.framework/Versions/A/Apple80211
0x00007fff5d834000 	/System/Library/PrivateFrameworks/CoreUtils.framework/Versions/A/CoreUtils
0x00007fff4a574000 	/System/Library/Frameworks/CoreWLAN.framework/Versions/A/CoreWLAN
0x00007fff4afde000 	/System/Library/Frameworks/IOBluetooth.framework/Versions/A/IOBluetooth
0x00007fff6bc58000 	/System/Library/PrivateFrameworks/ProtocolBuffer.framework/Versions/A/ProtocolBuffer
0x00007fff67eab000 	/System/Library/PrivateFrameworks/MobileKeyBag.framework/Versions/A/MobileKeyBag
0x00007fff5d04c000 	/System/Library/PrivateFrameworks/CorePhoneNumbers.framework/Versions/A/CorePhoneNumbers
0x00007fff590fc000 	/System/Library/PrivateFrameworks/AppleIDAuthSupport.framework/Versions/A/AppleIDAuthSupport
0x00007fff66d73000 	/System/Library/PrivateFrameworks/KeychainCircle.framework/Versions/A/KeychainCircle
0x00007fff6be25000 	/System/Library/PrivateFrameworks/ROCKit.framework/Versions/A/ROCKit
0x00007fff5da10000 	/System/Library/PrivateFrameworks/CoreWiFi.framework/Versions/A/CoreWiFi
0x00007fff481ed000 	/System/Library/Frameworks/CoreBluetooth.framework/Versions/A/CoreBluetooth
0x00007fff5dc64000 	/System/Library/PrivateFrameworks/DebugSymbols.framework/Versions/A/DebugSymbols
0x00007fff5d5e9000 	/System/Library/PrivateFrameworks/CoreSymbolication.framework/Versions/A/CoreSymbolication
0x00007fff700ff000 	/System/Library/PrivateFrameworks/Symbolication.framework/Versions/A/Symbolication
0x00007fff6f291000 	/System/Library/PrivateFrameworks/SpeechRecognitionCore.framework/Versions/A/SpeechRecognitionCore
0x0000000106c4c000 	/Library/Java/JavaVirtualMachines/jdk1.8.0_191.jdk/Contents/Home/jre/lib/server/libjvm.dylib
0x00007fff75573000 	/usr/lib/libstdc++.6.dylib
0x00000001058de000 	/Library/Java/JavaVirtualMachines/jdk1.8.0_191.jdk/Contents/Home/jre/lib/libverify.dylib
0x00000001058ec000 	/Library/Java/JavaVirtualMachines/jdk1.8.0_191.jdk/Contents/Home/jre/lib/libjava.dylib
0x0000000105923000 	/Library/Java/JavaVirtualMachines/jdk1.8.0_191.jdk/Contents/Home/jre/lib/libinstrument.dylib
0x00000001059c1000 	/Library/Java/JavaVirtualMachines/jdk1.8.0_191.jdk/Contents/Home/jre/lib/libzip.dylib
0x0000000121839000 	/Library/Java/JavaVirtualMachines/jdk1.8.0_191.jdk/Contents/Home/jre/lib/libnet.dylib
0x0000000121a61000 	/Library/Java/JavaVirtualMachines/jdk1.8.0_191.jdk/Contents/Home/jre/lib/libnio.dylib
0x0000000121a76000 	/private/var/folders/f0/gv03hdl94m94ds113wt06nnw0000gn/T/jna-95056961/jna1815820029854599772.tmp
0x00007fff4c8e2000 	/System/Library/Frameworks/JavaVM.framework/Versions/A/JavaVM
0x00007fff66c8a000 	/System/Library/PrivateFrameworks/JavaLaunching.framework/Versions/A/JavaLaunching
0x0000000121b3a000 	/Library/Java/JavaVirtualMachines/jdk1.8.0_191.jdk/Contents/Home/jre/lib/libawt.dylib
0x0000000121be4000 	/Library/Java/JavaVirtualMachines/jdk1.8.0_191.jdk/Contents/Home/jre/lib/./libmlib_image.dylib
0x00007fff4c8d0000 	/System/Library/Frameworks/JavaVM.framework/Versions/A/Frameworks/JavaNativeFoundation.framework/Versions/A/JavaNativeFoundation
0x00007fff4c8d9000 	/System/Library/Frameworks/JavaVM.framework/Versions/A/Frameworks/JavaRuntimeSupport.framework/Versions/A/JavaRuntimeSupport
0x00007fff47967000 	/System/Library/Frameworks/Carbon.framework/Versions/A/Carbon
0x00007fff47968000 	/System/Library/Frameworks/Carbon.framework/Versions/A/Frameworks/CommonPanels.framework/Versions/A/CommonPanels
0x00007fff47c74000 	/System/Library/Frameworks/Carbon.framework/Versions/A/Frameworks/Help.framework/Versions/A/Help
0x00007fff47c78000 	/System/Library/Frameworks/Carbon.framework/Versions/A/Frameworks/ImageCapture.framework/Versions/A/ImageCapture
0x00007fff47d13000 	/System/Library/Frameworks/Carbon.framework/Versions/A/Frameworks/OpenScripting.framework/Versions/A/OpenScripting
0x00007fff47d4e000 	/System/Library/Frameworks/Carbon.framework/Versions/A/Frameworks/Print.framework/Versions/A/Print
0x00007fff47d50000 	/System/Library/Frameworks/Carbon.framework/Versions/A/Frameworks/SecurityHI.framework/Versions/A/SecurityHI
0x0000000121cb0000 	/Library/Java/JavaVirtualMachines/jdk1.8.0_191.jdk/Contents/Home/jre/lib/libawt_lwawt.dylib
0x0000000121d6a000 	/Library/Java/JavaVirtualMachines/jdk1.8.0_191.jdk/Contents/Home/jre/lib/./libosxapp.dylib
0x00007fff4aa2d000 	/System/Library/Frameworks/ExceptionHandling.framework/Versions/A/ExceptionHandling
0x00007fff5d1e3000 	/System/Library/PrivateFrameworks/CoreServicesInternal.framework/Versions/A/CoreServicesInternal
0x00007fff3e351000 	/System/Library/CoreServices/RawCamera.bundle/Contents/MacOS/RawCamera
0x00007fff67d15000 	/System/Library/PrivateFrameworks/MobileAsset.framework/Versions/A/MobileAsset
0x00007fff6f983000 	/System/Library/PrivateFrameworks/StreamingZip.framework/Versions/A/StreamingZip
0x00007fff4cc82000 	/System/Library/Frameworks/MediaToolbox.framework/Versions/A/MediaToolbox
0x00007fff5c2aa000 	/System/Library/PrivateFrameworks/CoreAVCHD.framework/Versions/A/CoreAVCHD
0x00007fff4cbbe000 	/System/Library/Frameworks/MediaAccessibility.framework/Versions/A/MediaAccessibility
0x00007fff67747000 	/System/Library/PrivateFrameworks/Mangrove.framework/Versions/A/Mangrove
0x00007fff49828000 	/System/Library/Frameworks/CoreMedia.framework/Versions/A/CoreMedia
0x00007fff54beb000 	/System/Library/Frameworks/VideoToolbox.framework/Versions/A/VideoToolbox
0x00007fff5bed2000 	/System/Library/PrivateFrameworks/CoreAUC.framework/Versions/A/CoreAUC
0x00007fff75254000 	/usr/lib/libspindump.dylib
0x00007fff594d7000 	/System/Library/PrivateFrameworks/AppleVA.framework/Versions/A/AppleVA
0x00007fff447e9000 	/System/Library/Frameworks/Accelerate.framework/Versions/A/Frameworks/vImage.framework/Versions/A/Libraries/libCGInterfaces.dylib
0x00007fff46d58000 	/System/Library/Frameworks/ApplicationServices.framework/Versions/A/Frameworks/ATS.framework/Versions/A/Resources/libTrueTypeScaler.dylib
0x00007fff40676000 	/System/Library/Extensions/AppleIntelHD4000GraphicsMTLDriver.bundle/Contents/MacOS/AppleIntelHD4000GraphicsMTLDriver
0x00007fff62b8b000 	/System/Library/PrivateFrameworks/GPUCompiler.framework/Versions/3902/Libraries/libmetal_timestamp.dylib
0x00007fff5f273000 	/System/Library/PrivateFrameworks/FamilyControls.framework/Versions/A/FamilyControls
0x00007fff5b9fe000 	/System/Library/PrivateFrameworks/CommerceKit.framework/Versions/A/Frameworks/CommerceCore.framework/Versions/A/CommerceCore
0x00007fff703e8000 	/System/Library/PrivateFrameworks/SystemAdministration.framework/Versions/A/SystemAdministration
0x00007fff58be1000 	/System/Library/PrivateFrameworks/AppContainer.framework/Versions/A/AppContainer
0x00007fff58bfe000 	/System/Library/PrivateFrameworks/AppSandbox.framework/Versions/A/AppSandbox
0x00007fff6d7ce000 	/System/Library/PrivateFrameworks/SecCodeWrapper.framework/Versions/A/SecCodeWrapper
0x00007fff75204000 	/usr/lib/libsandbox.1.dylib
0x00007fff72c39000 	/usr/lib/libMatch.1.dylib
0x00007fff5e004000 	/System/Library/PrivateFrameworks/DiskManagement.framework/Versions/A/DiskManagement
0x00007fff4a79a000 	/System/Library/Frameworks/DirectoryService.framework/Versions/A/DirectoryService
0x00007fff5df31000 	/System/Library/PrivateFrameworks/DiskImages.framework/Versions/A/DiskImages
0x00007fff66fe1000 	/System/Library/PrivateFrameworks/LoginUIKit.framework/Versions/A/Frameworks/LoginUICore.framework/Versions/A/LoginUICore
0x00007fff7298d000 	/usr/lib/libCoreStorage.dylib
0x00007fff73a67000 	/usr/lib/libcsfde.dylib
0x00007fff75081000 	/usr/lib/libodfde.dylib
0x00007fff67868000 	/System/Library/PrivateFrameworks/MediaKit.framework/Versions/A/MediaKit
0x00007fff4a7a6000 	/System/Library/Frameworks/DiscRecording.framework/Versions/A/DiscRecording
0x00007fff5e171000 	/System/Library/PrivateFrameworks/EFILogin.framework/Versions/A/EFILogin
0x00007fff6bc00000 	/System/Library/PrivateFrameworks/ProtectedCloudStorage.framework/Versions/A/ProtectedCloudStorage
0x00007fff73afc000 	/usr/lib/libcurl.4.dylib
0x00007fff738ce000 	/usr/lib/libcrypto.42.dylib
0x00007fff75525000 	/usr/lib/libssl.44.dylib
0x00007fff4c901000 	/System/Library/Frameworks/LDAP.framework/Versions/A/LDAP
0x00007fff70a96000 	/System/Library/PrivateFrameworks/TrustEvaluationAgent.framework/Versions/A/TrustEvaluationAgent
0x00007fff75241000 	/usr/lib/libsasl2.2.dylib
0x00007fff5c509000 	/System/Library/PrivateFrameworks/CoreDaemon.framework/Versions/B/CoreDaemon
0x00007fff593df000 	/System/Library/PrivateFrameworks/AppleSRP.framework/Versions/A/AppleSRP
0x00007fff71946000 	/System/Library/PrivateFrameworks/ViewBridge.framework/Versions/A/ViewBridge
0x0000000124eaa000 	/Library/Java/JavaVirtualMachines/jdk1.8.0_191.jdk/Contents/Home/jre/lib/liblcms.dylib
0x00007fff52867000 	/System/Library/Frameworks/OpenGL.framework/Versions/A/Resources/GLEngine.bundle/GLEngine
0x00007fff51cf7000 	/System/Library/Frameworks/OpenGL.framework/Versions/A/Libraries/libGLProgrammability.dylib
0x00007fff40154000 	/System/Library/Extensions/AppleIntelHD4000GraphicsGLDriver.bundle/Contents/MacOS/AppleIntelHD4000GraphicsGLDriver
0x00007fff6422a000 	/System/Library/PrivateFrameworks/GPUSupport.framework/Versions/A/Libraries/libGPUSupportMercury.dylib
0x00007fff529fe000 	/System/Library/Frameworks/OpenGL.framework/Versions/A/Resources/GLRendererFloat.bundle/GLRendererFloat
0x00007fff512ab000 	/System/Library/Frameworks/OpenCL.framework/Versions/A/Libraries/libcldcpuengine.dylib
0x00007fff735a3000 	/usr/lib/libcrypto.35.dylib
0x00000001272bb000 	/var/folders/f0/gv03hdl94m94ds113wt06nnw0000gn/T/tess4j/darwin/libtesseract.dylib
0x0000000125e54000 	/usr/local/opt/leptonica/lib/liblept.5.dylib
0x0000000125673000 	/usr/local/opt/libpng/lib/libpng16.16.dylib
0x000000012569e000 	/usr/local/opt/jpeg/lib/libjpeg.9.dylib
0x0000000121898000 	/usr/local/opt/giflib/lib/libgif.7.dylib
0x00000001256d2000 	/usr/local/opt/libtiff/lib/libtiff.5.dylib
0x000000012573b000 	/usr/local/opt/webp/lib/libwebp.7.dylib
0x000000012579d000 	/usr/local/opt/openjpeg/lib/libopenjp2.7.dylib

VM Arguments:
jvm_args: -javaagent:/Applications/IntelliJ IDEA.app/Contents/lib/idea_rt.jar=53601:/Applications/IntelliJ IDEA.app/Contents/bin -Dfile.encoding=UTF-8 
java_command: com.cvt.tesseract.App
java_class_path (initial): /Library/Java/JavaVirtualMachines/jdk1.8.0_191.jdk/Contents/Home/jre/lib/charsets.jar:/Library/Java/JavaVirtualMachines/jdk1.8.0_191.jdk/Contents/Home/jre/lib/deploy.jar:/Library/Java/JavaVirtualMachines/jdk1.8.0_191.jdk/Contents/Home/jre/lib/ext/cldrdata.jar:/Library/Java/JavaVirtualMachines/jdk1.8.0_191.jdk/Contents/Home/jre/lib/ext/dnsns.jar:/Library/Java/JavaVirtualMachines/jdk1.8.0_191.jdk/Contents/Home/jre/lib/ext/jaccess.jar:/Library/Java/JavaVirtualMachines/jdk1.8.0_191.jdk/Contents/Home/jre/lib/ext/jfxrt.jar:/Library/Java/JavaVirtualMachines/jdk1.8.0_191.jdk/Contents/Home/jre/lib/ext/localedata.jar:/Library/Java/JavaVirtualMachines/jdk1.8.0_191.jdk/Contents/Home/jre/lib/ext/nashorn.jar:/Library/Java/JavaVirtualMachines/jdk1.8.0_191.jdk/Contents/Home/jre/lib/ext/sunec.jar:/Library/Java/JavaVirtualMachines/jdk1.8.0_191.jdk/Contents/Home/jre/lib/ext/sunjce_provider.jar:/Library/Java/JavaVirtualMachines/jdk1.8.0_191.jdk/Contents/Home/jre/lib/ext/sunpkcs11.jar:/Library/Java/JavaVirtualMachines/jdk1.8.0_191.jdk/Contents/Home/jre/lib/ext/zipfs.jar:/Library/Java/JavaVirtualMachines/jdk1.8.0_191.jdk/Contents/Home/jre/lib/javaws.jar:/Library/Java/JavaVirtualMachines/jdk1.8.0_191.jdk/Contents/Home/jre/lib/jce.jar:/Library/Java/JavaVirtualMachines/jdk1.8.0_191.jdk/Contents/Home/jre/lib/jfr.jar:/Library/Java/JavaVirtualMachines/jdk1.8.0_191.jdk/Contents/Home/jre/lib/jfxswt.jar:/Library/Java/JavaVirtualMachines/jdk1.8.0_191.jdk/Contents/Home/jre/lib/jsse.jar:/Library/Java/JavaVirtualMachines/jdk1.8.0_191.jdk/Contents/Home/jre/lib/management-agent.jar:/Library/Java/JavaVirtualMachines/jdk1.8.0_191.jdk/Contents/Home/jre/lib/plugin.jar:/Library/Java/JavaVirtualMachines/jdk1.8.0_191.jdk/Contents/Home/jre/lib/resources.jar:/Library/Java/JavaVirtualMachines/jdk1.8.0_191.jdk/Contents/Home/jre/lib/rt.jar:/Library/Java/JavaVirtualMachines/jdk1.8.0_191.jdk/Contents/Home/lib/ant-javafx.jar:/Library/Java/JavaVirtualMachines/jdk1.8.0_191.jdk/Contents/Home
Launcher Type: SUN_STANDARD

Environment Variables:
PATH=/Users/cvt11/.jenv/shims:/Users/cvt11/.jenv/bin:/usr/local/git/bin:/usr/local/opt/coreutils/libexec/gnubin:/usr/local/bin:/usr/bin:/bin:/usr/sbin:/sbin://Users/cvt11/Downloads/activator-1.2.2:/usr/local/Cellar/scala/scala-2.11.0:/usr/local/mysql-8.0.13-macos10.14-x86_64/bin/:/Users/cvt11/Applications/maven-3.5.4/bin:/Applications/mongodb/bin:/Applications/maven-3.5.4/bin:/usr/local/play-2.1.5
SHELL=/bin/bash

Signal Handlers:
SIGSEGV: [libjvm.dylib+0x5b5de9], sa_mask[0]=11111111011111110111111111111111, sa_flags=SA_ONSTACK|SA_RESTART|SA_SIGINFO
SIGBUS: [libjvm.dylib+0x5b5de9], sa_mask[0]=11111111011111110111111111111111, sa_flags=SA_RESTART|SA_SIGINFO
SIGFPE: [libjvm.dylib+0x48b6b0], sa_mask[0]=11111111011111110111111111111111, sa_flags=SA_RESTART|SA_SIGINFO
SIGPIPE: [libjvm.dylib+0x48b6b0], sa_mask[0]=11111111011111110111111111111111, sa_flags=SA_RESTART|SA_SIGINFO
SIGXFSZ: [libjvm.dylib+0x48b6b0], sa_mask[0]=11111111011111110111111111111111, sa_flags=SA_RESTART|SA_SIGINFO
SIGILL: [libjvm.dylib+0x48b6b0], sa_mask[0]=11111111011111110111111111111111, sa_flags=SA_RESTART|SA_SIGINFO
SIGUSR1: SIG_DFL, sa_mask[0]=00000000000000000000000000000000, sa_flags=none
SIGUSR2: [libjvm.dylib+0x48b1ce], sa_mask[0]=00100000000000000000000000000000, sa_flags=SA_RESTART|SA_SIGINFO
SIGHUP: [libjvm.dylib+0x489759], sa_mask[0]=11111111011111110111111111111111, sa_flags=SA_RESTART|SA_SIGINFO
SIGINT: [libjvm.dylib+0x489759], sa_mask[0]=11111111011111110111111111111111, sa_flags=SA_RESTART|SA_SIGINFO
SIGTERM: [libjvm.dylib+0x489759], sa_mask[0]=11111111011111110111111111111111, sa_flags=SA_RESTART|SA_SIGINFO
SIGQUIT: [libjvm.dylib+0x489759], sa_mask[0]=11111111011111110111111111111111, sa_flags=SA_RESTART|SA_SIGINFO


---------------  S Y S T E M  ---------------

OS:Bsduname:Darwin 18.2.0 Darwin Kernel Version 18.2.0: Thu Dec 20 20:46:53 PST 2018; root:xnu-4903.241.1~1/RELEASE_X86_64 x86_64
rlimit: STACK 8192k, CORE 0k, NPROC 1418, NOFILE 10240, AS infinity
load average:4.40 3.83 3.15

CPU:total 4 (initial active 4) (2 cores per cpu, 2 threads per core) family 6 model 58 stepping 9, cmov, cx8, fxsr, mmx, sse, sse2, sse3, ssse3, sse4.1, sse4.2, popcnt, avx, aes, clmul, erms, ht, tsc, tscinvbit, tscinv

Memory: 4k page, physical 16777216k(438988k free)

/proc/meminfo:


vm_info: Java HotSpot(TM) 64-Bit Server VM (25.191-b12) for bsd-amd64 JRE (1.8.0_191-b12), built on Oct  6 2018 08:37:07 by "java_re" with gcc 4.2.1 (Based on Apple Inc. build 5658) (LLVM build 2336.11.00)

time: Wed Feb 13 16:41:19 2019
elapsed time: 5 seconds (0d 0h 0m 5s)

